#
# There is insufficient memory for the Java Runtime Environment to continue.
# Native memory allocation (mmap) failed to map 134217728 bytes. Error detail: G1 virtual space
# Possible reasons:
#   The system is out of physical RAM or swap space
#   This process is running with CompressedOops enabled, and the Java Heap may be blocking the growth of the native heap
# Possible solutions:
#   Reduce memory load on the system
#   Increase physical memory or swap space
#   Check if swap backing store is full
#   Decrease Java heap size (-Xmx/-Xms)
#   Decrease number of Java threads
#   Decrease Java thread stack sizes (-Xss)
#   Set larger code cache with -XX:ReservedCodeCacheSize=
#   JVM is running with Unscaled Compressed Oops mode in which the Java heap is
#     placed in the first 4GB address space. The Java Heap base address is the
#     maximum limit for the native heap growth. Please use -XX:HeapBaseMinAddress
#     to set the Java Heap base and to place the Java Heap above 4GB virtual address.
# This output file may be truncated or incomplete.
#
#  Out of Memory Error (os_windows.cpp:3815), pid=4572, tid=14048
#
# JRE version:  (21.0.3) (build )
# Java VM: OpenJDK 64-Bit Server VM (21.0.3+-12282718-b509.11, mixed mode, sharing, tiered, compressed oops, compressed class ptrs, g1 gc, windows-amd64)
# No core dump will be written. Minidumps are not enabled by default on client versions of Windows
#

---------------  S U M M A R Y ------------

Command Line: 

Host: Intel(R) Core(TM) i7-4510U CPU @ 2.00GHz, 4 cores, 7G,  Windows 10 , 64 bit Build 19041 (10.0.19041.5072)
Time: Wed Nov 13 01:09:31 2024 Arab Standard Time elapsed time: 0.103729 seconds (0d 0h 0m 0s)

---------------  T H R E A D  ---------------

Current thread (0x000001fd46ffc770):  JavaThread "Unknown thread" [_thread_in_vm, id=14048, stack(0x0000002d5e000000,0x0000002d5e100000) (1024K)]

Stack: [0x0000002d5e000000,0x0000002d5e100000]
Native frames: (J=compiled Java code, j=interpreted, Vv=VM code, C=native code)
V  [jvm.dll+0x6cafb9]
V  [jvm.dll+0x858523]
V  [jvm.dll+0x85aa7e]
V  [jvm.dll+0x85b163]
V  [jvm.dll+0x27d356]
V  [jvm.dll+0x6c7865]
V  [jvm.dll+0x6bbd3a]
V  [jvm.dll+0x35199b]
V  [jvm.dll+0x3595d6]
V  [jvm.dll+0x3aa826]
V  [jvm.dll+0x3aaaf8]
V  [jvm.dll+0x3240bc]
V  [jvm.dll+0x324dab]
V  [jvm.dll+0x81fd89]
V  [jvm.dll+0x3b7c08]
V  [jvm.dll+0x80921d]
V  [jvm.dll+0x44c05e]
V  [jvm.dll+0x44d6b1]
C  [jli.dll+0x52ab]
C  [ucrtbase.dll+0x21bb2]
C  [KERNEL32.DLL+0x17374]
C  [ntdll.dll+0x4cc91]


---------------  P R O C E S S  ---------------

Threads class SMR info:
_java_thread_list=0x00007ffe07c757c8, length=0, elements={
}

Java Threads: ( => current thread )
Total: 0

Other Threads:
  0x000001fd490ef170 WorkerThread "GC Thread#0"                     [id=11780, stack(0x0000002d5e100000,0x0000002d5e200000) (1024K)]
  0x000001fd490fff50 ConcurrentGCThread "G1 Main Marker"            [id=8340, stack(0x0000002d5e200000,0x0000002d5e300000) (1024K)]
  0x000001fd49102110 WorkerThread "G1 Conc#0"                       [id=4912, stack(0x0000002d5e300000,0x0000002d5e400000) (1024K)]

[error occurred during error reporting (printing all threads), id 0xc0000005, EXCEPTION_ACCESS_VIOLATION (0xc0000005) at pc=0x00007ffe07477197]
VM state: not at safepoint (not fully initialized)

VM Mutex/Monitor currently owned by a thread:  ([mutex/lock_event])
[0x00007ffe07ce21c8] Heap_lock - owner thread: 0x000001fd46ffc770

Heap address: 0x0000000081400000, size: 2028 MB, Compressed Oops mode: 32-bit

CDS archive(s) mapped at: [0x0000000000000000-0x0000000000000000-0x0000000000000000), size 0, SharedBaseAddress: 0x0000000800000000, ArchiveRelocationMode: 1.
Narrow klass base: 0x0000000000000000, Narrow klass shift: 0, Narrow klass range: 0x0

GC Precious Log:
 CardTable entry size: 512
 Card Set container configuration: InlinePtr #cards 5 size 8 Array Of Cards #cards 12 size 40 Howl #buckets 4 coarsen threshold 1843 Howl Bitmap #cards 512 size 80 coarsen threshold 460 Card regions per heap region 1 cards per card region 2048

Heap:
 garbage-first heap   total 0K, used 0K [0x0000000081400000, 0x0000000100000000)
  region size 1024K, 0 young (0K), 0 survivors (0K)
 Metaspace       used 0K, committed 0K, reserved 0K
  class space    used 0K, committed 0K, reserved 0K

Heap Regions: E=young(eden), S=young(survivor), O=old, HS=humongous(starts), HC=humongous(continues), CS=collection set, F=free, TAMS=top-at-mark-start, PB=parsable bottom

Card table byte_map: [0x000001fd5b5f0000,0x000001fd5b9f0000] _byte_map_base: 0x000001fd5b1e6000

Marking Bits: (CMBitMap*) 0x000001fd490ef780
 Bits: [0x000001fd5b9f0000, 0x000001fd5d9a0000)

GC Heap History (0 events):
No events

Dll operation events (1 events):
Event: 0.025 Loaded shared library C:\Program Files\Android\Android Studio\jbr\bin\java.dll

Deoptimization events (0 events):
No events

Classes loaded (0 events):
No events

Classes unloaded (0 events):
No events

Classes redefined (0 events):
No events

Internal exceptions (0 events):
No events

ZGC Phase Switch (0 events):
No events

VM Operations (0 events):
No events

Events (0 events):
No events


Dynamic libraries:
0x00007ff65ac50000 - 0x00007ff65ac5a000 	C:\Program Files\Android\Android Studio\jbr\bin\java.EXE
0x00007ffe8de10000 - 0x00007ffe8e008000 	C:\WINDOWS\SYSTEM32\ntdll.dll
0x00007ffe8d7f0000 - 0x00007ffe8d8b2000 	C:\WINDOWS\System32\KERNEL32.DLL
0x00007ffe8b560000 - 0x00007ffe8b85e000 	C:\WINDOWS\System32\KERNELBASE.dll
0x00007ffe8ba10000 - 0x00007ffe8bb10000 	C:\WINDOWS\System32\ucrtbase.dll
0x00007ffe72830000 - 0x00007ffe7284b000 	C:\Program Files\Android\Android Studio\jbr\bin\VCRUNTIME140.dll
0x00007ffe73280000 - 0x00007ffe73298000 	C:\Program Files\Android\Android Studio\jbr\bin\jli.dll
0x00007ffe8ca80000 - 0x00007ffe8cc1d000 	C:\WINDOWS\System32\USER32.dll
0x00007ffe7a410000 - 0x00007ffe7a6aa000 	C:\WINDOWS\WinSxS\amd64_microsoft.windows.common-controls_6595b64144ccf1df_6.0.19041.4355_none_60b8b9eb71f62e16\COMCTL32.dll
0x00007ffe8b9e0000 - 0x00007ffe8ba02000 	C:\WINDOWS\System32\win32u.dll
0x00007ffe8bfa0000 - 0x00007ffe8c03e000 	C:\WINDOWS\System32\msvcrt.dll
0x00007ffe8bf70000 - 0x00007ffe8bf9b000 	C:\WINDOWS\System32\GDI32.dll
0x00007ffe8bd00000 - 0x00007ffe8be17000 	C:\WINDOWS\System32\gdi32full.dll
0x00007ffe8b860000 - 0x00007ffe8b8fd000 	C:\WINDOWS\System32\msvcp_win.dll
0x00007ffe8ca40000 - 0x00007ffe8ca6f000 	C:\WINDOWS\System32\IMM32.DLL
0x00007ffe874d0000 - 0x00007ffe874dc000 	C:\Program Files\Android\Android Studio\jbr\bin\vcruntime140_1.dll
0x00007ffe63620000 - 0x00007ffe636ad000 	C:\Program Files\Android\Android Studio\jbr\bin\msvcp140.dll
0x00007ffe07140000 - 0x00007ffe07dbd000 	C:\Program Files\Android\Android Studio\jbr\bin\server\jvm.dll
0x00007ffe8d5d0000 - 0x00007ffe8d681000 	C:\WINDOWS\System32\ADVAPI32.dll
0x00007ffe8dca0000 - 0x00007ffe8dd3f000 	C:\WINDOWS\System32\sechost.dll
0x00007ffe8c040000 - 0x00007ffe8c163000 	C:\WINDOWS\System32\RPCRT4.dll
0x00007ffe8b9b0000 - 0x00007ffe8b9d7000 	C:\WINDOWS\System32\bcrypt.dll
0x00007ffe8d780000 - 0x00007ffe8d7eb000 	C:\WINDOWS\System32\WS2_32.dll
0x00007ffe8b370000 - 0x00007ffe8b3bb000 	C:\WINDOWS\SYSTEM32\POWRPROF.dll
0x00007ffe89f00000 - 0x00007ffe89f0a000 	C:\WINDOWS\SYSTEM32\VERSION.dll
0x00007ffe82040000 - 0x00007ffe82067000 	C:\WINDOWS\SYSTEM32\WINMM.dll
0x00007ffe8b2a0000 - 0x00007ffe8b2b2000 	C:\WINDOWS\SYSTEM32\UMPDC.dll
0x00007ffe8a0a0000 - 0x00007ffe8a0b2000 	C:\WINDOWS\SYSTEM32\kernel.appcore.dll
0x00007ffe87310000 - 0x00007ffe8731a000 	C:\Program Files\Android\Android Studio\jbr\bin\jimage.dll
0x00007ffe78e50000 - 0x00007ffe79034000 	C:\WINDOWS\SYSTEM32\DBGHELP.DLL
0x00007ffe79c60000 - 0x00007ffe79c94000 	C:\WINDOWS\SYSTEM32\dbgcore.DLL
0x00007ffe8bc70000 - 0x00007ffe8bcf2000 	C:\WINDOWS\System32\bcryptPrimitives.dll
0x00007ffe72810000 - 0x00007ffe7282f000 	C:\Program Files\Android\Android Studio\jbr\bin\java.dll

dbghelp: loaded successfully - version: 4.0.5 - missing functions: none
symbol engine: initialized successfully - sym options: 0x614 - pdb path: .;C:\Program Files\Android\Android Studio\jbr\bin;C:\WINDOWS\SYSTEM32;C:\WINDOWS\WinSxS\amd64_microsoft.windows.common-controls_6595b64144ccf1df_6.0.19041.4355_none_60b8b9eb71f62e16;C:\Program Files\Android\Android Studio\jbr\bin\server

VM Arguments:
java_command: <unknown>
java_class_path (initial): <not set>
Launcher Type: SUN_STANDARD

[Global flags]
     intx CICompilerCount                          = 3                                         {product} {ergonomic}
     uint ConcGCThreads                            = 1                                         {product} {ergonomic}
     uint G1ConcRefinementThreads                  = 4                                         {product} {ergonomic}
   size_t G1HeapRegionSize                         = 1048576                                   {product} {ergonomic}
    uintx GCDrainStackTargetSize                   = 64                                        {product} {ergonomic}
   size_t InitialHeapSize                          = 134217728                                 {product} {ergonomic}
   size_t MarkStackSize                            = 4194304                                   {product} {ergonomic}
   size_t MaxHeapSize                              = 2126512128                                {product} {ergonomic}
   size_t MinHeapDeltaBytes                        = 1048576                                   {product} {ergonomic}
   size_t MinHeapSize                              = 8388608                                   {product} {ergonomic}
    uintx NonNMethodCodeHeapSize                   = 5832780                                {pd product} {ergonomic}
    uintx NonProfiledCodeHeapSize                  = 122912730                              {pd product} {ergonomic}
    uintx ProfiledCodeHeapSize                     = 122912730                              {pd product} {ergonomic}
    uintx ReservedCodeCacheSize                    = 251658240                              {pd product} {ergonomic}
     bool SegmentedCodeCache                       = true                                      {product} {ergonomic}
   size_t SoftMaxHeapSize                          = 2126512128                             {manageable} {ergonomic}
     bool UseCompressedOops                        = true                           {product lp64_product} {ergonomic}
     bool UseG1GC                                  = true                                      {product} {ergonomic}
     bool UseLargePagesIndividualAllocation        = false                                  {pd product} {ergonomic}

Logging:
Log output configuration:
 #0: stdout all=warning uptime,level,tags foldmultilines=false
 #1: stderr all=off uptime,level,tags foldmultilines=false

Environment Variables:
JAVA_HOME=C:\Program Files\Java\jdk-17
PATH=C:\src\flutter\bin\;C:\Program Files\Java\jdk-17\bin;C:\Program Files\OpenLogic\jdk-21.0.4.7-hotspot\bin;C:\Program Files (x86)\PC Connectivity Solution\;C:\WINDOWS\system32;C:\WINDOWS;C:\WINDOWS\System32\Wbem;C:\WINDOWS\System32\WindowsPowerShell\v1.0\;C:\WINDOWS\System32\OpenSSH\;C:\Program Files\nodejs\;C:\Program Files\Git\cmd;C:\Program Files\Java\jdk-17\bin;C:\Users\fadi\AppData\Local\Microsoft\WindowsApps;D:\2\Programs\dart\dart-sdk\bin;C:\Users\fadi\AppData\Local\Programs\Microsoft VS Code\bin;C:\src\flutter\bin;C:\Users\fadi\AppData\Roaming\npm;C:\Users\fadi\AppData\Local\Pub\Cache\bin;C:\Program Files\Git\bin;C:\Program Files\Git\cmd;C:\Users\YOUR_USERNAME\AppData\Roaming\Pub\Cache\bin;C:\Gradle\gradle-8.10.2\bin;;C:\src\flutter\bin\mingit\cmd
USERNAME=fadi
LANG=en_US.UTF-8
OS=Windows_NT
PROCESSOR_IDENTIFIER=Intel64 Family 6 Model 69 Stepping 1, GenuineIntel
TMP=C:\Users\fadi\AppData\Local\Temp
TEMP=C:\Users\fadi\AppData\Local\Temp




Periodic native trim disabled

JNI global refs:
JNI global refs: 0, weak refs: 0

JNI global refs memory usage: 0, weak refs: 0

Process memory usage:
Resident Set Size: 10568K (0% of 8306500K total physical memory with 475536K free physical memory)

OOME stack traces (most recent first):
Classloader memory used:

---------------  S Y S T E M  ---------------

OS:
 Windows 10 , 64 bit Build 19041 (10.0.19041.5072)
OS uptime: 0 days 2:00 hours

CPU: total 4 (initial active 4) (2 cores per cpu, 2 threads per core) family 6 model 69 stepping 1 microcode 0x25, cx8, cmov, fxsr, ht, mmx, sse, sse2, sse3, ssse3, sse4.1, sse4.2, popcnt, lzcnt, tsc, tscinvbit, avx, avx2, aes, erms, clmul, bmi1, bmi2, fma, vzeroupper, clflush, rdtscp, f16c
Processor Information for all 4 processors :
  Max Mhz: 2001, Current Mhz: 1600, Mhz Limit: 1980

Memory: 4k page, system-wide physical 8111M (464M free)
TotalPageFile size 10159M (AvailPageFile size 67M)
current process WorkingSet (physical memory assigned to process): 10M, peak: 10M
current process commit charge ("private bytes"): 51M, peak: 179M

vm_info: OpenJDK 64-Bit Server VM (21.0.3+-12282718-b509.11) for windows-amd64 JRE (21.0.3+-12282718-b509.11), built on 2024-08-27T17:34:15Z by "builder" with MS VC++ 16.10 / 16.11 (VS2019)

END.
